app/manifest-merger-release-report.txt
-- Merging decision tree log ---
manifest
ADDED from AndroidManifest.xml:1:1
	xmlns:android
		ADDED from AndroidManifest.xml:1:11
	package
		ADDED from AndroidManifest.xml:2:5
	android:versionName
		ADDED from AndroidManifest.xml:4:5
		INJECTED from AndroidManifest.xml:0:0
		INJECTED from AndroidManifest.xml:0:0
	android:versionCode
		ADDED from AndroidManifest.xml:3:5
		INJECTED from AndroidManifest.xml:0:0
		INJECTED from AndroidManifest.xml:0:0
uses-permission#android.permission.SYSTEM_ALERT_WINDOW
ADDED from AndroidManifest.xml:6:5
	android:name
		ADDED from AndroidManifest.xml:6:22
uses-permission#android.permission.GET_TASKS
ADDED from AndroidManifest.xml:7:5
	android:name
		ADDED from AndroidManifest.xml:7:22
uses-permission#android.permission.READ_PHONE_STATE
ADDED from AndroidManifest.xml:8:5
	android:name
		ADDED from AndroidManifest.xml:8:22
uses-permission#android.permission.VIBRATE
ADDED from AndroidManifest.xml:10:5
	android:name
		ADDED from AndroidManifest.xml:10:22
uses-sdk
ADDED from AndroidManifest.xml:12:5
MERGED from com.android.support:support-v4:21.0.2:15:5
MERGED from com.melnykov:floatingactionbutton:1.1.0:8:5
MERGED from com.android.support:recyclerview-v7:21.0.0:15:5
MERGED from com.android.support:support-v4:21.0.2:15:5
	android:targetSdkVersion
		ADDED from AndroidManifest.xml:14:9
		INJECTED from AndroidManifest.xml:0:0
		INJECTED from AndroidManifest.xml:0:0
	android:minSdkVersion
		ADDED from AndroidManifest.xml:13:9
		INJECTED from AndroidManifest.xml:0:0
		INJECTED from AndroidManifest.xml:0:0
	android:maxSdkVersion
		ADDED from AndroidManifest.xml:12:15
application
ADDED from AndroidManifest.xml:16:5
MERGED from com.android.support:support-v4:21.0.2:16:5
MERGED from com.melnykov:floatingactionbutton:1.1.0:12:5
MERGED from com.android.support:recyclerview-v7:21.0.0:17:5
MERGED from com.android.support:support-v4:21.0.2:16:5
	android:label
		ADDED from AndroidManifest.xml:19:9
	android:allowBackup
		ADDED from AndroidManifest.xml:18:9
	android:icon
		ADDED from AndroidManifest.xml:20:9
	android:theme
		ADDED from AndroidManifest.xml:21:9
	android:name
		ADDED from AndroidManifest.xml:17:9
service#org.vliux.android.gesturecut.service.GestureWindowService
ADDED from AndroidManifest.xml:23:9
	android:label
		ADDED from AndroidManifest.xml:24:13
	android:exported
		ADDED from AndroidManifest.xml:25:13
	android:name
		ADDED from AndroidManifest.xml:23:18
receiver#org.vliux.android.gesturecut.receiver.PackageRemovedReceiver
ADDED from AndroidManifest.xml:28:9
	android:name
		ADDED from AndroidManifest.xml:28:19
intent-filter#android.intent.action.PACKAGE_REMOVED
ADDED from AndroidManifest.xml:29:13
action#android.intent.action.PACKAGE_REMOVED
ADDED from AndroidManifest.xml:30:17
	android:name
		ADDED from AndroidManifest.xml:30:25
data
ADDED from AndroidManifest.xml:31:17
	android:scheme
		ADDED from AndroidManifest.xml:31:23
activity#org.vliux.android.gesturecut.activity.main.GestureListActivity
ADDED from AndroidManifest.xml:35:9
	android:screenOrientation
		ADDED from AndroidManifest.xml:38:13
	android:label
		ADDED from AndroidManifest.xml:36:13
	android:name
		ADDED from AndroidManifest.xml:35:19
	android:launchMode
		ADDED from AndroidManifest.xml:37:13
intent-filter#android.intent.action.MAIN+android.intent.category.LAUNCHER
ADDED from AndroidManifest.xml:39:13
action#android.intent.action.MAIN
ADDED from AndroidManifest.xml:40:17
	android:name
		ADDED from AndroidManifest.xml:40:25
category#android.intent.category.LAUNCHER
ADDED from AndroidManifest.xml:41:17
	android:name
		ADDED from AndroidManifest.xml:41:27
activity#org.vliux.android.gesturecut.activity.add.AddGestureActivity
ADDED from AndroidManifest.xml:45:9
	android:screenOrientation
		ADDED from AndroidManifest.xml:48:13
	android:label
		ADDED from AndroidManifest.xml:46:13
	android:parentActivityName
		ADDED from AndroidManifest.xml:49:13
	android:name
		ADDED from AndroidManifest.xml:45:19
	android:launchMode
		ADDED from AndroidManifest.xml:47:13
intent-filter#android.intent.action.SEARCH
ADDED from AndroidManifest.xml:50:13
action#android.intent.action.SEARCH
ADDED from AndroidManifest.xml:51:17
	android:name
		ADDED from AndroidManifest.xml:51:25
meta-data#android.app.searchable
ADDED from AndroidManifest.xml:53:13
	android:resource
		ADDED from AndroidManifest.xml:54:17
	android:name
		ADDED from AndroidManifest.xml:53:24
activity#org.vliux.android.gesturecut.activity.SettingsActivity
ADDED from AndroidManifest.xml:57:9
	android:screenOrientation
		ADDED from AndroidManifest.xml:60:13
	android:label
		ADDED from AndroidManifest.xml:58:13
	android:parentActivityName
		ADDED from AndroidManifest.xml:61:13
	android:name
		ADDED from AndroidManifest.xml:57:19
	android:launchMode
		ADDED from AndroidManifest.xml:59:13
activity#org.vliux.android.gesturecut.activity.AboutActivity
ADDED from AndroidManifest.xml:64:9
	android:screenOrientation
		ADDED from AndroidManifest.xml:67:13
	android:label
		ADDED from AndroidManifest.xml:65:13
	android:parentActivityName
		ADDED from AndroidManifest.xml:68:13
	android:name
		ADDED from AndroidManifest.xml:64:19
	android:launchMode
		ADDED from AndroidManifest.xml:66:13
receiver#org.vliux.android.gesturecut.widget.LockScreenWidget
ADDED from AndroidManifest.xml:71:9
	android:name
		ADDED from AndroidManifest.xml:71:19
intent-filter#android.appwidget.action.APPWIDGET_UPDATE
ADDED from AndroidManifest.xml:72:13
action#android.appwidget.action.APPWIDGET_UPDATE
ADDED from AndroidManifest.xml:73:17
	android:name
		ADDED from AndroidManifest.xml:74:21
meta-data#android.appwidget.provider
ADDED from AndroidManifest.xml:76:13
	android:resource
		ADDED from AndroidManifest.xml:78:17
	android:name
		ADDED from AndroidManifest.xml:77:17
activity#android.support.v7.widget.TestActivity
ADDED from com.android.support:recyclerview-v7:21.0.0:18:9
	android:label
		ADDED from com.android.support:recyclerview-v7:21.0.0:18:19
	android:name
		ADDED from com.android.support:recyclerview-v7:21.0.0:18:60